"../../../Engine/Content/Animation/DefaultAnimCurveCompressionSettings.uasset" 0
"../../../Engine/Content/ArtTools/RenderToTexture/Enums/RenderToTexture_Enum.uasset" 1
"../../../Engine/Content/ArtTools/RenderToTexture/Enums/RenderToTexture_Flipbook_Enum.uasset" 2
"../../../Engine/Content/ArtTools/RenderToTexture/Enums/RenderToTexture_Imposter_Enum.uasset" 3
"../../../Engine/Content/EditorBlueprintResources/StandardMacros.uasset" 4
"../../../Engine/Content/ArtTools/RenderToTexture/Enums/EIntTypes.uasset" 5
"../../../Engine/Content/ArtTools/RenderToTexture/Macros/RenderToTextureFunctionLibrary.uasset" 6
"../../../Engine/Content/ArtTools/RenderToTexture/Enums/EFloatTypes.uasset" 7
"../../../Engine/Content/ArtTools/RenderToTexture/Macros/RenderToTextureMacros.uasset" 8
"../../../Engine/Content/Functions/Engine_MaterialFunctions01/Opacity/CameraDepthFade.uasset" 9
"../../../Engine/Content/EngineMaterials/T_Default_Material_Grid_M.uasset" 10
"../../../Engine/Content/EngineMaterials/T_Default_Material_Grid_N.uasset" 11
"../../../Engine/Content/EngineMaterials/WorldGridMaterial.uasset" 12
"../../../Engine/Content/ArtTools/RenderToTexture/Meshes/S_1_Unit_Plane.uasset" 13
"../../../Engine/Content/EngineMaterials/DefaultMaterial.uasset" 14
"../../../Engine/Content/BasicShapes/Cone.uasset" 15
"../../../Engine/Content/BasicShapes/Cube.uasset" 16
"../../../Engine/Content/BasicShapes/Cylinder.uasset" 17
"../../../Engine/Content/BasicShapes/Plane.uasset" 18
"../../../Engine/Content/BasicShapes/Sphere.uasset" 19
"../../../Engine/Content/EngineMaterials/DefaultPhysicalMaterial.uasset" 20
"../../../Engine/Content/BufferVisualization/AmbientOcclusion.uasset" 21
"../../../Engine/Content/BufferVisualization/BaseColor.uasset" 22
"../../../Engine/Content/BufferVisualization/CustomDepth.uasset" 23
"../../../Engine/Content/Functions/Engine_MaterialFunctions02/Utility/VectorLength.uasset" 24
"../../../Engine/Content/BufferVisualization/CustomDepthWorldUnits.uasset" 25
"../../../Engine/Content/Functions/Engine_MaterialFunctions02/Utility/BreakOutFloat2Components.uasset" 26
"../../../Engine/Content/Functions/Engine_MaterialFunctions01/Texturing/ScaleUVsByCenter.uasset" 27
"../../../Engine/Content/Functions/Engine_MaterialFunctions02/ScreenResolution.uasset" 28
"../../../Engine/Content/Functions/Engine_MaterialFunctions02/Texturing/ScreenAlignedUVs.uasset" 29
"../../../Engine/Content/Functions/Engine_MaterialFunctions02/Utility/MakeFloat2.uasset" 30
"../../../Engine/Content/Functions/Engine_MaterialFunctions02/Utility/MakeFloat3.uasset" 31
"../../../Engine/Content/EngineMaterials/MiniFont.uasset" 32
"../../../Engine/Content/BufferVisualization/CustomStencil.uasset" 33
"../../../Engine/Content/BufferVisualization/FinalImage.uasset" 34
"../../../Engine/Content/BufferVisualization/LightingModel.uasset" 35
"../../../Engine/Content/BufferVisualization/MaterialAO.uasset" 36
"../../../Engine/Content/BufferVisualization/Metallic.uasset" 37
"../../../Engine/Content/BufferVisualization/Opacity.uasset" 38
"../../../Engine/Content/BufferVisualization/PostTonemapHDRColor.uasset" 39
"../../../Engine/Content/BufferVisualization/PreTonemapHDRColor.uasset" 40
"../../../Engine/Content/BufferVisualization/Roughness.uasset" 41
"../../../Engine/Content/BufferVisualization/SceneColor.uasset" 42
"../../../Engine/Content/BufferVisualization/SceneDepth.uasset" 43
"../../../Engine/Content/BufferVisualization/SceneDepthWorldUnits.uasset" 44
"../../../Engine/Content/BufferVisualization/SeparateTranslucencyA.uasset" 45
"../../../Engine/Content/BufferVisualization/SeparateTranslucencyRGB.uasset" 46
"../../../Engine/Content/BufferVisualization/Specular.uasset" 47
"../../../Engine/Content/BufferVisualization/SubsurfaceColor.uasset" 48
"../../../Engine/Content/BufferVisualization/Velocity.uasset" 49
"../../../Engine/Content/BufferVisualization/WorldNormal.uasset" 50
"../../../Engine/Content/EditorBlueprintResources/ActorMacros.uasset" 51
"../../../Engine/Content/EditorLandscapeResources/DataLayer.uasset" 52
"../../../Engine/Content/EditorLandscapeResources/DefaultAlphaTexture.uasset" 53
"../../../Engine/Content/EditorLandscapeResources/LandscapeGizmoHeight_Mat.uasset" 54
"../../../Engine/Content/EditorLandscapeResources/LandscapeGizmo_Mat.uasset" 55
"../../../Engine/Content/EditorLandscapeResources/LandscapeGizmo_Mat_Copied.uasset" 56
"../../../Engine/Content/EditorLandscapeResources/SplineEditorMeshMat.uasset" 57
"../../../Engine/Content/EditorLandscapeResources/SplineEditorMesh.uasset" 58
"../../../Engine/Content/EditorMaterials/Cross.uasset" 59
"../../../Engine/Content/EditorMaterials/Cross_Mat.uasset" 60
"../../../Engine/Content/EditorMaterials/GizmoMaterial.uasset" 61
"../../../Engine/Content/Functions/Engine_MaterialFunctions02/ExampleContent/Textures/flipbook.uasset" 62
"../../../Engine/Content/Functions/Engine_MaterialFunctions02/Texturing/FlipBook.uasset" 63
"../../../Engine/Content/Functions/Engine_MaterialFunctions02/Utility/Sign.uasset" 64
"../../../Engine/Content/Functions/Engine_MaterialFunctions02/Utility/Round.uasset" 65
"../../../Engine/Content/EditorResources/T_EditorHelp.uasset" 66
"../../../Engine/Content/EditorMaterials/HelpActorMaterial.uasset" 67
"../../../Engine/Content/EditorMaterials/CompositeARGBLayer.uasset" 68
"../../../Engine/Content/EditorMaterials/TilingAALineIntegral.uasset" 69
"../../../Engine/Content/EditorMaterials/TilingAALineBoxFiltered.uasset" 70
"../../../Engine/Content/Functions/Engine_MaterialFunctions03/Procedurals/ComputeFilterWidth.uasset" 71
"../../../Engine/Content/EditorMaterials/TilingAADots.uasset" 72
"../../../Engine/Content/EngineMaterials/BlendFunc_DefBase.uasset" 73
"../../../Engine/Content/EngineMaterials/BlendFunc_DefBlend.uasset" 74
"../../../Engine/Content/Functions/Engine_MaterialFunctions03/Blends/Blend_Screen.uasset" 75
"../../../Engine/Content/EditorMaterials/TilingAAGrid.uasset" 76
"../../../Engine/Content/EditorMaterials/LevelGridMaterial.uasset" 77
"../../../Engine/Content/EditorMaterials/MakeCompositeARGBLayer.uasset" 78
"../../../Engine/Content/EditorResources/LevelGrid1DStripes.uasset" 79
"../../../Engine/Content/EditorMaterials/TextureGridCascaded1D.uasset" 80
"../../../Engine/Content/EditorMaterials/TextureGridCascaded2D.uasset" 81
"../../../Engine/Content/EditorMaterials/LevelGridMaterial2.uasset" 82
"../../../Engine/Content/EditorMaterials/MAT_Groups_Toggle.uasset" 83
"../../../Engine/Content/EditorMaterials/MAT_Groups_Visibility.uasset" 84
"../../../Engine/Content/EditorMaterials/AntialiasedGridFloor.uasset" 85
"../../../Engine/Content/EditorResources/TilePatine_D.uasset" 86
"../../../Engine/Content/EditorResources/TilePatine_N.uasset" 87
"../../../Engine/Content/EngineMaterials/Grid.uasset" 88
"../../../Engine/Content/EditorMaterials/PersonaFloorMat.uasset" 89
"../../../Engine/Content/EditorMaterials/PhAT_BoneSelectedMaterial.uasset" 90
"../../../Engine/Content/EditorMaterials/PhAT_ElemSelectedMaterial.uasset" 91
"../../../Engine/Content/EditorMaterials/PhAT_NoCollisionMaterial.uasset" 92
"../../../Engine/Content/EditorMaterials/PhAT_UnselectedMaterial.uasset" 93
"../../../Engine/Content/EditorMaterials/PreviewShadowIndicator.uasset" 94
"../../../Engine/Content/EditorMaterials/PreviewShadowIndicatorMaterial.uasset" 95
"../../../Engine/Content/EditorMaterials/TargetIcon.uasset" 96
"../../../Engine/Content/EditorMaterials/Tick.uasset" 97
"../../../Engine/Content/EditorMaterials/Tick_Mat.uasset" 98
"../../../Engine/Content/EditorMaterials/WidgetGridVertexColorMaterial.uasset" 99
"../../../Engine/Content/EditorMaterials/WidgetGridVertexColorMaterial_Ma.uasset" 100
"../../../Engine/Content/EditorMaterials/WidgetMaterial.uasset" 101
"../../../Engine/Content/EditorMaterials/WidgetMaterial_Current.uasset" 102
"../../../Engine/Content/EditorMaterials/WidgetMaterial_X.uasset" 103
"../../../Engine/Content/EditorMaterials/WidgetMaterial_Y.uasset" 104
"../../../Engine/Content/EditorMaterials/WidgetMaterial_Z.uasset" 105
"../../../Engine/Content/EditorMaterials/WidgetVertexColorMaterial.uasset" 106
"../../../Engine/Content/EditorMaterials/AssetViewer/EpicQuadPanorama_CC+EV1.uasset" 107
"../../../Engine/Content/MapTemplates/Sky/SunsetAmbientCubemap.uasset" 108
"../../../Engine/Content/EditorMaterials/AssetViewer/M_SkyBox.uasset" 109
"../../../Engine/Content/EditorMaterials/MatineeGroups/MAT_ColorTrack.uasset" 110
"../../../Engine/Content/EditorMaterials/MatineeGroups/MAT_Groups_Anim.uasset" 111
"../../../Engine/Content/EditorMaterials/MatineeGroups/MAT_Groups_AudioMaster.uasset" 112
"../../../Engine/Content/EditorMaterials/MatineeGroups/MAT_Groups_Director.uasset" 113
"../../../Engine/Content/EditorMaterials/MatineeGroups/MAT_Groups_Event.uasset" 114
"../../../Engine/Content/EditorMaterials/MatineeGroups/MAT_Groups_Fade.uasset" 115
"../../../Engine/Content/EditorMaterials/MatineeGroups/MAT_Groups_Float.uasset" 116
"../../../Engine/Content/EditorMaterials/MatineeGroups/MAT_Groups_Move.uasset" 117
"../../../Engine/Content/EditorMaterials/MatineeGroups/MAT_Groups_Slomo.uasset" 118
"../../../Engine/Content/EditorMaterials/MatineeGroups/MAT_Groups_Sound.uasset" 119
"../../../Engine/Content/EditorMaterials/MatineeGroups/MAT_Groups_Vector.uasset" 120
"../../../Engine/Content/EditorMaterials/ParticleSystems/PSysThumbnail_NoImage.uasset" 121
"../../../Engine/Content/EditorMaterials/ParticleSystems/PSysThumbnail_OOD.uasset" 122
"../../../Engine/Content/EditorMaterials/Thumbnails/FloorPlaneMaterial.uasset" 123
"../../../Engine/Content/EditorMeshes/EditorCube.uasset" 124
"../../../Engine/Content/EditorMeshes/EditorCylinder.uasset" 125
"../../../Engine/Content/EditorMeshes/EditorPlane.uasset" 126
"../../../Engine/Content/EditorMaterials/Thumbnails/SkySphereMaterial.uasset" 127
"../../../Engine/Content/EditorMeshes/EditorSkySphere.uasset" 128
"../../../Engine/Content/EditorMeshes/EditorSphere.uasset" 129
"../../../Engine/Content/EditorResources/MatineeCam_D.uasset" 130
"../../../Engine/Content/EditorMaterials/MatineeCam_mat.uasset" 131
"../../../Engine/Content/EditorMeshes/MatineeCam_SM.uasset" 132
"../../../Engine/Content/Functions/Engine_MaterialFunctions01/Shading/ConvertFromDiffSpec.uasset" 133
"../../../Engine/Content/EditorMaterials/GridMaterial.uasset" 134
"../../../Engine/Content/EditorMeshes/PhAT_FloorBox.uasset" 135
"../../../Engine/Content/EditorMeshes/PlanarReflectionPlane.uasset" 136
"../../../Engine/Content/EditorMeshes/AssetViewer/Floor_Mesh.uasset" 137
"../../../Engine/Content/EditorMeshes/AssetViewer/Sphere_inversenormals.uasset" 138
"../../../Engine/Content/EditorMaterials/Camera/CineMat.uasset" 139
"../../../Engine/Content/EditorMaterials/Camera/MI_CineMat_CameraBody.uasset" 140
"../../../Engine/Content/EngineDebugMaterials/M_SimpleOpaque.uasset" 141
"../../../Engine/Content/EditorMaterials/Camera/MI_CineMat_CamViewFinder.uasset" 142
"../../../Engine/Content/EditorMeshes/Camera/SM_CineCam.uasset" 143
"../../../Engine/Content/EditorMaterials/Camera/MI_CineMat_Rig.uasset" 144
"../../../Engine/Content/EditorMeshes/Camera/SM_CraneRig_Arm.uasset" 145
"../../../Engine/Content/EditorMeshes/Camera/SM_CraneRig_Base.uasset" 146
"../../../Engine/Content/EditorMeshes/Camera/SM_CraneRig_Body.uasset" 147
"../../../Engine/Content/EditorMeshes/Camera/SM_CraneRig_Mount.uasset" 148
"../../../Engine/Content/EditorMeshes/Camera/SM_RailRig_Mount.uasset" 149
"../../../Engine/Content/EditorMeshes/Camera/SM_RailRig_Track.uasset" 150
"../../../Engine/Content/EditorMeshes/ColorCalibrator/M_ChromeBall.uasset" 151
"../../../Engine/Content/EditorResources/Bad.uasset" 152
"../../../Engine/Content/EditorResources/BadBlueprintSprite.uasset" 153
"../../../Engine/Content/EditorResources/BSPVertex.uasset" 154
"../../../Engine/Content/EditorResources/EmptyActor.uasset" 155
"../../../Engine/Content/EditorResources/MatInstActSprite.uasset" 156
"../../../Engine/Content/EditorResources/SceneManager.uasset" 157
"../../../Engine/Content/EditorResources/SmallFont.uasset" 158
"../../../Engine/Content/EditorResources/S_Actor.uasset" 159
"../../../Engine/Content/EditorResources/S_DecalActorIcon.uasset" 160
"../../../Engine/Content/EditorResources/S_Emitter.uasset" 161
"../../../Engine/Content/EditorResources/S_ExpoHeightFog.uasset" 162
"../../../Engine/Content/EditorResources/S_FTest.uasset" 163
"../../../Engine/Content/EditorResources/S_KBSJoint.uasset" 164
"../../../Engine/Content/EditorResources/S_KHinge.uasset" 165
"../../../Engine/Content/EditorResources/S_KPrismatic.uasset" 166
"../../../Engine/Content/EditorResources/S_LevelSequence.uasset" 167
"../../../Engine/Content/EditorResources/S_NavP.uasset" 168
"../../../Engine/Content/EditorResources/S_Note.uasset" 169
"../../../Engine/Content/EditorResources/S_Player.uasset" 170
"../../../Engine/Content/EditorResources/S_PortalActorIcon2.uasset" 171
"../../../Engine/Content/EditorResources/S_RadForce.uasset" 172
"../../../Engine/Content/EditorResources/S_ReflActorIcon.uasset" 173
"../../../Engine/Content/EditorResources/S_Terrain.uasset" 174
"../../../Engine/Content/EditorResources/S_TextRenderActorIcon.uasset" 175
"../../../Engine/Content/EditorResources/S_Thruster.uasset" 176
"../../../Engine/Content/EditorResources/S_Trigger.uasset" 177
"../../../Engine/Content/EditorResources/S_VectorFieldVol.uasset" 178
"../../../Engine/Content/EditorResources/S_WindDirectional.uasset" 179
"../../../Engine/Content/EditorResources/AI/S_NavLink.uasset" 180
"../../../Engine/Content/EditorResources/LightIcons/SkyLight.uasset" 181
"../../../Engine/Content/EditorResources/LightIcons/S_LightDirectional.uasset" 182
"../../../Engine/Content/EditorResources/LightIcons/S_LightDirectionalMove.uasset" 183
"../../../Engine/Content/EditorResources/LightIcons/S_LightError.uasset" 184
"../../../Engine/Content/EditorResources/LightIcons/S_LightPoint.uasset" 185
"../../../Engine/Content/EditorResources/LightIcons/S_LightPointMove.uasset" 186
"../../../Engine/Content/EditorResources/LightIcons/S_LightSpot.uasset" 187
"../../../Engine/Content/EditorResources/LightIcons/S_LightSpotMove.uasset" 188
"../../../Engine/Content/EditorResources/SequenceRecorder/Countdown.uasset" 189
"../../../Engine/Content/EditorResources/SequenceRecorder/RecordingIndicator.uasset" 190
"../../../Engine/Content/EditorResources/Spline/T_Loft_Spline.uasset" 191
"../../../Engine/Content/EditorSounds/Notifications/CompileFailed.uasset" 192
"../../../Engine/Content/EditorSounds/Notifications/CompileFailed_Cue.uasset" 193
"../../../Engine/Content/EditorSounds/Notifications/CompileSuccess.uasset" 194
"../../../Engine/Content/EditorSounds/Notifications/CompileStart_Cue.uasset" 195
"../../../Engine/Content/EditorSounds/Notifications/CompileSuccess_Cue.uasset" 196
"../../../Engine/Content/EngineDamageTypes/DmgTypeBP_Environmental.uasset" 197
"../../../Engine/Content/EngineDebugMaterials/HeatmapGradient.uasset" 198
"../../../Engine/Content/EngineDebugMaterials/BoneWeightMaterial.uasset" 199
"../../../Engine/Content/EngineDebugMaterials/ClothMaterial.uasset" 200
"../../../Engine/Content/EngineDebugMaterials/ClothMaterial_WF.uasset" 201
"../../../Engine/Content/EngineDebugMaterials/DebugEditorMaterial.uasset" 202
"../../../Engine/Content/EngineDebugMaterials/DebugMeshMaterial.uasset" 203
"../../../Engine/Content/EngineDebugMaterials/GeomMaterial.uasset" 204
"../../../Engine/Content/EngineDebugMaterials/LevelColorationLitMaterial.uasset" 205
"../../../Engine/Content/EngineDebugMaterials/LevelColorationUnlitMaterial.uasset" 206
"../../../Engine/Content/EngineMaterials/DefaultWhiteGrid.uasset" 207
"../../../Engine/Content/EngineDebugMaterials/MAT_LevelColorationLitLightmapUV.uasset" 208
"../../../Engine/Content/EngineDebugMaterials/M_SimpleTranslucent.uasset" 209
"../../../Engine/Content/EngineDebugMaterials/ShadedLevelColorationLitMaterial.uasset" 210
"../../../Engine/Content/EngineDebugMaterials/ShadedLevelColorationUnlitMateri.uasset" 211
"../../../Engine/Content/EngineDebugMaterials/VertexColorMaterial.uasset" 212
"../../../Engine/Content/EngineDebugMaterials/VertexColorViewMode_AlphaAsColor.uasset" 213
"../../../Engine/Content/EngineDebugMaterials/VertexColorViewMode_BlueOnly.uasset" 214
"../../../Engine/Content/EngineDebugMaterials/VertexColorViewMode_ColorOnly.uasset" 215
"../../../Engine/Content/EngineDebugMaterials/VertexColorViewMode_GreenOnly.uasset" 216
"../../../Engine/Content/EngineDebugMaterials/VertexColorViewMode_RedOnly.uasset" 217
"../../../Engine/Content/EngineDebugMaterials/WireframeMaterial.uasset" 218
"../../../Engine/Content/EngineFonts/Faces/RobotoBold.uasset" 219
"../../../Engine/Content/EngineFonts/Faces/RobotoBoldItalic.uasset" 220
"../../../Engine/Content/EngineFonts/Faces/RobotoItalic.uasset" 221
"../../../Engine/Content/EngineFonts/Faces/RobotoLight.uasset" 222
"../../../Engine/Content/EngineFonts/Faces/RobotoRegular.uasset" 223
"../../../Engine/Content/EngineFonts/Roboto.uasset" 224
"../../../Engine/Content/EngineFonts/Faces/RobotoTiny.uasset" 225
"../../../Engine/Content/EngineFonts/RobotoTiny.uasset" 226
"../../../Engine/Content/EngineFonts/SmallFont.uasset" 227
"../../../Engine/Content/EngineFonts/TinyFont.uasset" 228
"../../../Engine/Content/EngineMaterials/BaseFlattenDiffuseMap.uasset" 229
"../../../Engine/Content/EngineMaterials/BaseFlattenEmissiveMap.uasset" 230
"../../../Engine/Content/EngineMaterials/BaseFlattenGrayscaleMap.uasset" 231
"../../../Engine/Content/EngineMaterials/BaseFlattenNormalMap.uasset" 232
"../../../Engine/Content/EngineMaterials/BaseFlattenMaterial.uasset" 233
"../../../Engine/Content/EngineResources/WhiteSquareTexture.uasset" 234
"../../../Engine/Content/EngineMaterials/BlinkingCaret.uasset" 235
"../../../Engine/Content/EngineMaterials/DefaultBloomKernel.uasset" 236
"../../../Engine/Content/EngineMaterials/DefaultBokeh.uasset" 237
"../../../Engine/Content/EngineMaterials/DefaultDiffuse.uasset" 238
"../../../Engine/Content/EngineMaterials/DefaultDeferredDecalMaterial.uasset" 239
"../../../Engine/Content/EngineMaterials/DefaultLightFunctionMaterial.uasset" 240
"../../../Engine/Content/EngineMaterials/DefaultNormal.uasset" 241
"../../../Engine/Content/EngineMaterials/DefaultPostProcessMaterial.uasset" 242
"../../../Engine/Content/EngineFonts/RobotoDistanceField.uasset" 243
"../../../Engine/Content/EngineMaterials/DefaultTextMaterialOpaque.uasset" 244
"../../../Engine/Content/EngineMaterials/EditorBrushMaterial.uasset" 245
"../../../Engine/Content/EngineMaterials/Good64x64TilingNoiseHighFreq.uasset" 246
"../../../Engine/Content/EngineMaterials/Grid_N.uasset" 247
"../../../Engine/Content/EngineMaterials/HighResolutionScreenshotMaskFunction.uasset" 248
"../../../Engine/Content/EngineMaterials/HighResScreenshot.uasset" 249
"../../../Engine/Content/EngineMaterials/HighResScreenshotCaptureRegion.uasset" 250
"../../../Engine/Content/EngineMaterials/HighResScreenshotMask.uasset" 251
"../../../Engine/Content/EngineMaterials/LandscapeHolePhysicalMaterial.uasset" 252
"../../../Engine/Content/EngineMaterials/InvalidLightmapSettings.uasset" 253
"../../../Engine/Content/EngineMaterials/M_InvalidLightmapSettings.uasset" 254
"../../../Engine/Content/EngineMaterials/PaperDiffuse.uasset" 255
"../../../Engine/Content/EngineMaterials/PaperNormal.uasset" 256
"../../../Engine/Content/Functions/Engine_MaterialFunctions02/WorldPositionOffset/CameraOffset.uasset" 257
"../../../Engine/Content/EngineMaterials/PhAT_JointLimitMaterial.uasset" 258
"../../../Engine/Content/EngineMaterials/PhysMat_Rubber.uasset" 259
"../../../Engine/Content/EngineMaterials/PreintegratedSkinBRDF.uasset" 260
"../../../Engine/Content/EngineMaterials/RemoveSurfaceMaterial.uasset" 261
"../../../Engine/Content/EngineMaterials/WeightMapPlaceholderTexture.uasset" 262
"../../../Engine/Content/EngineMaterials/Widget3DPassThrough.uasset" 263
"../../../Engine/Content/EngineMaterials/Widget3DPassThrough_Masked.uasset" 264
"../../../Engine/Content/EngineMaterials/Widget3DPassThrough_Opaque.uasset" 265
"../../../Engine/Content/EngineMaterials/Widget3DPassThrough_Masked_OneSided.uasset" 266
"../../../Engine/Content/EngineMaterials/Widget3DPassThrough_Opaque_OneSided.uasset" 267
"../../../Engine/Content/EngineMaterials/Widget3DPassThrough_Translucent.uasset" 268
"../../../Engine/Content/EngineMaterials/Widget3DPassThrough_Translucent_OneSided.uasset" 269
"../../../Engine/Content/EngineMeshes/Cylinder.uasset" 270
"../../../Engine/Content/EngineMeshes/Sphere.uasset" 271
"../../../Engine/Content/EngineResources/Black.uasset" 272
"../../../Engine/Content/EngineResources/DefaultTexture.uasset" 273
"../../../Engine/Content/EngineResources/DefaultTextureCube.uasset" 274
"../../../Engine/Content/EngineResources/DefaultVolumeTexture2D.uasset" 275
"../../../Engine/Content/EngineResources/DefaultVolumeTexture.uasset" 276
"../../../Engine/Content/EngineResources/GradientTexture0.uasset" 277
"../../../Engine/Content/EngineResources/StreamingPauseIcon.uasset" 278
"../../../Engine/Content/EngineResources/M_StreamingPause.uasset" 279
"../../../Engine/Content/EngineSounds/Master.uasset" 280
"../../../Engine/Content/Functions/Engine_MaterialFunctions01/Shading/PowerToRoughness.uasset" 281
"../../../Engine/Content/Maps/Templates/Thumbnails/Default.uasset" 282
"../../../Engine/Content/Maps/Templates/Thumbnails/VR-Basic.uasset" 283
"../../../Engine/Content/MapTemplates/Sky/DaylightAmbientCubemap.uasset" 284
"../../../Engine/Content/MobileResources/T_MobileControls_texture.uasset" 285
"../../../Engine/Content/MobileResources/T_MobileMenu2.uasset" 286
"../../../Engine/Content/MobileResources/HUD/AnalogHat.uasset" 287
"../../../Engine/Content/MobileResources/HUD/VirtualJoystick_Background.uasset" 288
"../../../Engine/Content/MobileResources/HUD/VirtualJoystick_Thumb.uasset" 289
"../../../Engine/Content/MobileResources/HUD/DefaultVirtualJoysticks.uasset" 290
"../../../Engine/Content/MobileResources/HUD/LeftVirtualJoystickOnly.uasset" 291
"../../../Engine/Content/MobileResources/HUD/MobileHUDButton1_off.uasset" 292
"../../../Engine/Content/MobileResources/HUD/MobileHUDButton1_on.uasset" 293
"../../../Engine/Content/MobileResources/HUD/MobileHUDButton2_off.uasset" 294
"../../../Engine/Content/MobileResources/HUD/MobileHUDButton2_on.uasset" 295
"../../../Engine/Content/MobileResources/HUD/MobileHUDButton3.uasset" 296
"../../../Engine/Content/MobileResources/HUD/MobileHUDButtonFire.uasset" 297
"../../../Engine/Content/MobileResources/HUD/MobileHUDDirectionPad.uasset" 298
"../../../Engine/Content/MobileResources/HUD/MobileHUDDirectionPad2.uasset" 299
"../../../Engine/Content/MobileResources/HUD/MobileHUDDirectionPad3.uasset" 300
"../../../Engine/Content/MobileResources/HUD/MobileHUDDirectionStick.uasset" 301
"../../../Engine/Content/MobileResources/HUD/T_Castle_ThumbstickInner.uasset" 302
"../../../Engine/Content/MobileResources/HUD/T_Castle_ThumbstickOutter.uasset" 303
"../../../Engine/Content/Tutorial/ContentIntroCurve.uasset" 304
"../../../Engine/Content/Tutorial/Basics/LevelEditorAttract.uasset" 305
"../../../Engine/Content/Tutorial/Basics/TutorialAssets/icon_tab_Levels_40x.uasset" 306
"../../../Engine/Content/Tutorial/Basics/LevelEditorOverview.uasset" 307
"../../../Engine/Content/Tutorial/BlueprintTutorials/TutorialAssets/Blueprint_64x.uasset" 308
"../../../Engine/Content/Tutorial/BlueprintTutorials/BlueprintEditorTutorial.uasset" 309
"../../../Engine/Content/Tutorial/BlueprintTutorials/LevelBlueprintEditorOverview.uasset" 310
"../../../Engine/Content/Tutorial/BlueprintTutorials/TutorialAssets/Tutorial_BP_MacroLib.uasset" 311
"../../../Engine/Content/VREditor/LaserPointer/VR_LaserPower_01.uasset" 312
"../../../Engine/Content/VREditor/TransformGizmo/TransformGizmoMaterial.uasset" 313
"../../../Engine/Content/VREditor/TransformGizmo/TranslucentTransformGizmoMaterial.uasset" 314
"../../../Engine/Content/VREditor/TransformGizmo/BoundingBoxCorner.uasset" 315
"../../../Engine/Content/VREditor/TransformGizmo/BoundingBoxEdge.uasset" 316
"../../../Engine/Content/VREditor/TransformGizmo/PlaneTranslationHandle.uasset" 317
"../../../Engine/Content/VREditor/TransformGizmo/Main.uasset" 318
"../../../Engine/Content/VREditor/TransformGizmo/Xray.uasset" 319
"../../../Engine/Content/VREditor/TransformGizmo/SM_Sequencer_Key.uasset" 320
"../../../Engine/Content/VREditor/TransformGizmo/SM_Sequencer_Node.uasset" 321
"../../../../../../Users/m012933i/Documents/Unreal Projects/Derailed/Content/Derailed/Levels/MainMenu/T_PlaceholderBackground.uasset" 322
"../../../../../../Users/m012933i/Documents/Unreal Projects/Derailed/Content/Derailed/Meshes/track/tracks_Tracks_BaseColor.uasset" 323
"../../../../../../Users/m012933i/Documents/Unreal Projects/Derailed/Content/Derailed/Meshes/track/tracks_Tracks_Normal.uasset" 324
"../../../../../../Users/m012933i/Documents/Unreal Projects/Derailed/Content/Derailed/Meshes/track/tracks_Tracks_OcclusionRoughnessMetallic.uasset" 325
"../../../../../../Users/m012933i/Documents/Unreal Projects/Derailed/Content/Derailed/Meshes/track/M_Tracks_paint.uasset" 326
"../../../../../../Users/m012933i/Documents/Unreal Projects/Derailed/Content/Derailed/Meshes/track/M_Tracks_paint1.uasset" 327
"../../../../../../Users/m012933i/Documents/Unreal Projects/Derailed/Content/Derailed/Sound/RepairingSounds/Repair01.uasset" 328
"../../../../../../Users/m012933i/Documents/Unreal Projects/Derailed/Content/Derailed/Sound/RepairingSounds/Repair02.uasset" 329
"../../../../../../Users/m012933i/Documents/Unreal Projects/Derailed/Content/Derailed/Sound/RepairingSounds/Repair03.uasset" 330
"../../../../../../Users/m012933i/Documents/Unreal Projects/Derailed/Content/Derailed/Sound/RepairingSounds/Repair04.uasset" 331
"../../../../../../Users/m012933i/Documents/Unreal Projects/Derailed/Content/Derailed/Sound/RepairingSounds/Repair05.uasset" 332
"../../../../../../Users/m012933i/Documents/Unreal Projects/Derailed/Content/Derailed/Sound/RepairingSounds/Repair06.uasset" 333
"../../../../../../Users/m012933i/Documents/Unreal Projects/Derailed/Content/Derailed/Sound/RepairingSounds/Repair07.uasset" 334
"../../../../../../Users/m012933i/Documents/Unreal Projects/Derailed/Content/Derailed/Sound/RepairingSounds/Repair08.uasset" 335
"../../../../../../Users/m012933i/Documents/Unreal Projects/Derailed/Content/Derailed/Sound/RepairingSounds/Repair09.uasset" 336
"../../../../../../Users/m012933i/Documents/Unreal Projects/Derailed/Content/Derailed/Sound/RepairingSounds/Repair10.uasset" 337
"../../Plugins/2D/Paper2D/Content/PlaceholderTextures/DummySpriteTexture.uasset" 338
"../../Plugins/2D/Paper2D/Content/DummySprite.uasset" 339
"../../Plugins/2D/Paper2D/Content/DefaultPaperTerrainMaterial.uasset" 340
"../../Plugins/2D/Paper2D/Content/DefaultSpriteMaterial.uasset" 341
"../../Plugins/2D/Paper2D/Content/MaskedUnlitSpriteMaterial.uasset" 342
"../../Plugins/2D/Paper2D/Content/OpaqueUnlitSpriteMaterial.uasset" 343
"../../Plugins/Enterprise/DatasmithContent/Content/Blueprints/FBXImporter/ArrayOfActor.uasset" 344
"../../Plugins/Enterprise/DatasmithContent/Content/Blueprints/FBXImporter/ArrayOfSwitch.uasset" 345
"../../Plugins/Enterprise/DatasmithContent/Content/Blueprints/FBXImporter/BP_SceneNode.uasset" 346
"../../Plugins/Enterprise/DatasmithContent/Content/Blueprints/FBXImporter/BP_Switch.uasset" 347
"../../Plugins/Enterprise/DatasmithContent/Content/Blueprints/FBXImporter/BP_SceneRoot.uasset" 348
"../../Plugins/Enterprise/DatasmithContent/Content/Blueprints/FBXImporter/FBXImporterUtils.uasset" 349
"../../Plugins/Enterprise/DatasmithContent/Content/Blueprints/FBXImporter/Animation/DeltaGenAnimationTrackType.uasset" 350
"../../Plugins/Enterprise/DatasmithContent/Content/Blueprints/FBXImporter/Animation/VREDAnimationTrackComponent.uasset" 351
"../../Plugins/Enterprise/DatasmithContent/Content/Blueprints/FBXImporter/Animation/VREDAnimationTrackType.uasset" 352
"../../Plugins/Enterprise/DatasmithContent/Content/Blueprints/FBXImporter/Animation/VREDAnimCurveComponent.uasset" 353
"../../Plugins/Enterprise/DatasmithContent/Content/Blueprints/FBXImporter/Animation/VREDAnimCurveType.uasset" 354
"../../Plugins/Enterprise/DatasmithContent/Content/Blueprints/FBXImporter/Variants/VariantSwitchType.uasset" 355
"../../Plugins/Enterprise/DatasmithContent/Content/Blueprints/FBXImporter/Variants/VREDVariantSwitchType.uasset" 356
"../../Plugins/Enterprise/DatasmithContent/Content/Blueprints/FBXImporter/Variants/VREDVariantType.uasset" 357
"../../Plugins/Runtime/Oculus/OculusVR/Content/OculusMR_RenderTarget.uasset" 358
"../../../Engine/Content/Functions/Engine_MaterialFunctions02/Utility/BreakOutFloat4Components.uasset" 359
"../../Plugins/Runtime/Oculus/OculusVR/Content/Materials/OculusMR_ChromaKey.uasset" 360
"../../Plugins/Runtime/Oculus/OculusVR/Content/Materials/OculusMR_ChromaKey_Lit.uasset" 361
"../../Plugins/Runtime/Oculus/OculusVR/Content/Materials/OculusMR_OpaqueColoredMaterial.uasset" 362
"../../Plugins/Runtime/Oculus/OculusVR/Content/Materials/OculusMR_WhiteMaterial.uasset" 363
"../../Plugins/Runtime/Oculus/OculusVR/Content/Materials/PokeAHoleMaterial.uasset" 364
"../../Plugins/Runtime/Oculus/OculusVR/Content/Textures/GearVRController_AO.uasset" 365
"../../Plugins/Runtime/Oculus/OculusVR/Content/Textures/GearVRController_Color.uasset" 366
"../../Plugins/Runtime/Oculus/OculusVR/Content/Textures/GearVRController_Normal.uasset" 367
"../../Plugins/Runtime/Oculus/OculusVR/Content/Materials/GearVRControllerMaterial.uasset" 368
"../../Plugins/Runtime/Oculus/OculusVR/Content/Meshes/GearVrController.uasset" 369
"../../Plugins/Runtime/Oculus/OculusVR/Content/Textures/touchController_albedo.uasset" 370
"../../Plugins/Runtime/Oculus/OculusVR/Content/Textures/touchController_controlmap.uasset" 371
"../../Plugins/Runtime/Oculus/OculusVR/Content/Materials/touchController_mat.uasset" 372
"../../Plugins/Runtime/Oculus/OculusVR/Content/Meshes/LeftTouchController.uasset" 373
"../../Plugins/Runtime/Oculus/OculusVR/Content/Meshes/RiftHMD.uasset" 374
"../../Plugins/Runtime/Oculus/OculusVR/Content/Meshes/RightTouchController.uasset" 375
"../../../../../../Users/m012933i/Documents/Unreal Projects/Derailed/Content/Meshes/SM_Hat.uasset" 376
"../../../../../../Users/m012933i/Documents/Unreal Projects/Derailed/Content/Meshes/M_Hat_Diff.uasset" 377
"../../../Engine/Content/Maps/Entry_BuiltData.uasset" 378
"../../../Engine/Content/Maps/Entry.umap" 379
"../../../../../../Users/m012933i/Documents/Unreal Projects/Derailed/Content/Derailed/BlueprintInterfaces/BPI_Crash.uasset" 380
"../../../../../../Users/m012933i/Documents/Unreal Projects/Derailed/Content/Derailed/BlueprintInterfaces/BPI_RaycastInteract.uasset" 381
"../../../../../../Users/m012933i/Documents/Unreal Projects/Derailed/Content/Derailed/Meshes/SM_BrokenTracks.uasset" 382
"../../../../../../Users/m012933i/Documents/Unreal Projects/Derailed/Content/Derailed/Meshes/SM_tracks.uasset" 383
"../../../../../../Users/m012933i/Documents/Unreal Projects/Derailed/Content/Derailed/Sound/Train_Explosion_v_1.uasset" 384
"../../../../../../Users/m012933i/Documents/Unreal Projects/Derailed/Content/Derailed/Blueprint/BP_TrackLong.uasset" 385
"../../../../../../Users/m012933i/Documents/Unreal Projects/Derailed/Content/Derailed/Cowboy/Animations/cowboyarmature_Skeleton.uasset" 386
"../../../../../../Users/m012933i/Documents/Unreal Projects/Derailed/Content/Derailed/Cowboy/Animations/cowboyanimation_metarig_Fix.uasset" 387
"../../../../../../Users/m012933i/Documents/Unreal Projects/Derailed/Content/Derailed/Cowboy/Animations/cowboyanimation_metarig_Idle.uasset" 388
"../../../../../../Users/m012933i/Documents/Unreal Projects/Derailed/Content/Derailed/Cowboy/Animations/cowboyanimation_metarig_Run.uasset" 389
"../../../../../../Users/m012933i/Documents/Unreal Projects/Derailed/Content/Derailed/Cowboy/Animations/Cowboy_IdleRun_2D.uasset" 390
"../../../../../../Users/m012933i/Documents/Unreal Projects/Derailed/Content/Derailed/Cowboy/Animations/ABP_Cowboy.uasset" 391
"../../../../../../Users/m012933i/Documents/Unreal Projects/Derailed/Content/Mannequin/Character/Mesh/UE4_Mannequin_Skeleton.uasset" 392
"../../../../../../Users/m012933i/Documents/Unreal Projects/Derailed/Content/Mannequin/Animations/ThirdPerson_Jump.uasset" 393
"../../../../../../Users/m012933i/Documents/Unreal Projects/Derailed/Content/Mannequin/Animations/ThirdPersonJump_Loop.uasset" 394
"../../../../../../Users/m012933i/Documents/Unreal Projects/Derailed/Content/Mannequin/Animations/ThirdPersonJump_Start.uasset" 395
"../../../../../../Users/m012933i/Documents/Unreal Projects/Derailed/Content/Mannequin/Animations/ThirdPersonIdle.uasset" 396
"../../../../../../Users/m012933i/Documents/Unreal Projects/Derailed/Content/Mannequin/Animations/ThirdPersonRun.uasset" 397
"../../../../../../Users/m012933i/Documents/Unreal Projects/Derailed/Content/Mannequin/Animations/ThirdPersonWalk.uasset" 398
"../../../../../../Users/m012933i/Documents/Unreal Projects/Derailed/Content/Mannequin/Animations/ThirdPerson_IdleRun_2D.uasset" 399
"../../../../../../Users/m012933i/Documents/Unreal Projects/Derailed/Content/Mannequin/Animations/ThirdPerson_AnimBP.uasset" 400
"../../../Engine/Content/Functions/Engine_MaterialFunctions01/Density/ExponentialDensity.uasset" 401
"../../../Engine/Content/Functions/Engine_MaterialFunctions01/Gradient/RadialGradientExponential.uasset" 402
"../../../../../../Users/m012933i/Documents/Unreal Projects/Derailed/Content/TopDownBP/Blueprints/M_Cursor_Decal.uasset" 403
"../../../../../../Users/m012933i/Documents/Unreal Projects/Derailed/Content/Derailed/Sound/RepairingSounds/Repairing.uasset" 404
"../../../Engine/Content/Functions/Engine_MaterialFunctions02/Utility/BlendAngleCorrectedNormals.uasset" 405
"../../../Engine/Content/Functions/MaterialLayerFunctions/MatLayerBlend_NormalBlend.uasset" 406
"../../../Engine/Content/Functions/MaterialLayerFunctions/MatLayerBlend_Simple.uasset" 407
"../../../../../../Users/m012933i/Documents/Unreal Projects/Derailed/Content/Mannequin/Character/Materials/MaterialLayers/T_ML_Rubber_Blue_01_D.uasset" 408
"../../../../../../Users/m012933i/Documents/Unreal Projects/Derailed/Content/Mannequin/Character/Materials/MaterialLayers/T_ML_Rubber_Blue_01_N.uasset" 409
"../../../../../../Users/m012933i/Documents/Unreal Projects/Derailed/Content/Mannequin/Character/Materials/MaterialLayers/ML_GlossyBlack_Latex_UE4.uasset" 410
"../../../../../../Users/m012933i/Documents/Unreal Projects/Derailed/Content/Mannequin/Character/Materials/MaterialLayers/ML_Plastic_Shiny_Beige.uasset" 411
"../../../../../../Users/m012933i/Documents/Unreal Projects/Derailed/Content/Mannequin/Character/Textures/UE4_LOGO_CARD.uasset" 412
"../../../../../../Users/m012933i/Documents/Unreal Projects/Derailed/Content/Mannequin/Character/Materials/MaterialLayers/ML_Plastic_Shiny_Beige_LOGO.uasset" 413
"../../../../../../Users/m012933i/Documents/Unreal Projects/Derailed/Content/Mannequin/Character/Materials/MaterialLayers/T_ML_Aluminum01.uasset" 414
"../../../../../../Users/m012933i/Documents/Unreal Projects/Derailed/Content/Mannequin/Character/Materials/MaterialLayers/T_ML_Aluminum01_N.uasset" 415
"../../../../../../Users/m012933i/Documents/Unreal Projects/Derailed/Content/Mannequin/Character/Materials/MaterialLayers/ML_SoftMetal_UE4.uasset" 416
"../../../../../../Users/m012933i/Documents/Unreal Projects/Derailed/Content/Mannequin/Character/Textures/UE4_Mannequin__normals.uasset" 417
"../../../../../../Users/m012933i/Documents/Unreal Projects/Derailed/Content/Mannequin/Character/Textures/UE4_Mannequin_MAT_MASKA.uasset" 418
"../../../../../../Users/m012933i/Documents/Unreal Projects/Derailed/Content/Mannequin/Character/Materials/M_UE4Man_Body.uasset" 419
"../../../../../../Users/m012933i/Documents/Unreal Projects/Derailed/Content/Mannequin/Character/Textures/UE4Man_Logo_N.uasset" 420
"../../../../../../Users/m012933i/Documents/Unreal Projects/Derailed/Content/Mannequin/Character/Materials/M_UE4Man_ChestLogo.uasset" 421
"../../../../../../Users/m012933i/Documents/Unreal Projects/Derailed/Content/Mannequin/Character/Mesh/SK_Mannequin_PhysicsAsset.uasset" 422
"../../../../../../Users/m012933i/Documents/Unreal Projects/Derailed/Content/Mannequin/Character/Mesh/SK_Mannequin.uasset" 423
"../../../../../../Users/m012933i/Documents/Unreal Projects/Derailed/Content/TopDownBP/Blueprints/NoResources.uasset" 424
"../../../../../../Users/m012933i/Documents/Unreal Projects/Derailed/Content/TopDownBP/Blueprints/TopDownCharacter.uasset" 425
"../../../../../../Users/m012933i/Documents/Unreal Projects/Derailed/Content/Derailed/Meshes/TexturesCom_Cargo0092_3_M.uasset" 426
"../../../../../../Users/m012933i/Documents/Unreal Projects/Derailed/Content/Derailed/Meshes/box.uasset" 427
"../../../../../../Users/m012933i/Documents/Unreal Projects/Derailed/Content/Derailed/Meshes/box_2.uasset" 428
"../../../../../../Users/m012933i/Documents/Unreal Projects/Derailed/Content/Derailed/Sound/Drop_Fork-SoundBible_com-309369294.uasset" 429
"../../../../../../Users/m012933i/Documents/Unreal Projects/Derailed/Content/Derailed/Blueprint/BP_PartStore.uasset" 430
"../../../../../../Users/m012933i/Documents/Unreal Projects/Derailed/Content/TopDownBP/Blueprints/TopDownController.uasset" 431
"../../../../../../Users/m012933i/Documents/Unreal Projects/Derailed/Content/Derailed/Sound/Bell_Sound_Ring-SoundBible_com-181681426.uasset" 432
"../../../../../../Users/m012933i/Documents/Unreal Projects/Derailed/Content/TopDownBP/Blueprints/TopDownGameMode.uasset" 433
"../../../../../../Users/m012933i/Documents/Unreal Projects/Derailed/Content/Derailed/Blueprint/BP_Station.uasset" 434
"../../../../../../Users/m012933i/Documents/Unreal Projects/Derailed/Content/Derailed/Meshes/train/train_Train_BaseColor.uasset" 435
"../../../../../../Users/m012933i/Documents/Unreal Projects/Derailed/Content/Derailed/Meshes/train/train_Train_Normal.uasset" 436
"../../../../../../Users/m012933i/Documents/Unreal Projects/Derailed/Content/Derailed/Meshes/train/train_Train_OcclusionRoughnessMetallic.uasset" 437
"../../../../../../Users/m012933i/Documents/Unreal Projects/Derailed/Content/Derailed/Meshes/train/m_train.uasset" 438
"../../../../../../Users/m012933i/Documents/Unreal Projects/Derailed/Content/Derailed/Meshes/SM_Train.uasset" 439
"../../../../../../Users/m012933i/Documents/Unreal Projects/Derailed/Content/Derailed/Sound/steam-train-whistle-daniel_simon.uasset" 440
"../../../../../../Users/m012933i/Documents/Unreal Projects/Derailed/Content/Derailed/Sound/Train_Loop.uasset" 441
"../../../../../../Users/m012933i/Documents/Unreal Projects/Derailed/Content/Derailed/Sound/Train_Spawn.uasset" 442
"../../../../../../Users/m012933i/Documents/Unreal Projects/Derailed/Content/Derailed/Blueprint/BP_Train.uasset" 443
"../../../../../../Users/m012933i/Documents/Unreal Projects/Derailed/Content/Derailed/Blueprint/BP_TrainSpawn.uasset" 444
"../../../../../../Users/m012933i/Documents/Unreal Projects/Derailed/Content/Derailed/Blueprint/BP_TrainReversed.uasset" 445
"../../../../../../Users/m012933i/Documents/Unreal Projects/Derailed/Content/Derailed/Blueprint/BP_TrainSpawnReversed.uasset" 446
"../../../../../../Users/m012933i/Documents/Unreal Projects/Derailed/Content/Derailed/Levels/main_LVL_BuiltData.uasset" 447
"../../../../../../Users/m012933i/Documents/Unreal Projects/Derailed/Content/Derailed/Levels/4K-ground_10-ao.uasset" 448
"../../../../../../Users/m012933i/Documents/Unreal Projects/Derailed/Content/Derailed/Levels/4K-ground_10-diffuse.uasset" 449
"../../../../../../Users/m012933i/Documents/Unreal Projects/Derailed/Content/Derailed/Levels/4K-ground_10-displacement.uasset" 450
"../../../../../../Users/m012933i/Documents/Unreal Projects/Derailed/Content/Derailed/Levels/4K-ground_10-normal.uasset" 451
"../../../../../../Users/m012933i/Documents/Unreal Projects/Derailed/Content/Derailed/Levels/4K-ground_10-specular.uasset" 452
"../../../../../../Users/m012933i/Documents/Unreal Projects/Derailed/Content/Derailed/Levels/Newgrounds.uasset" 453
"../../../../../../Users/m012933i/Documents/Unreal Projects/Derailed/Content/Derailed/Meshes/TexturesCom_BrickSmallBrown0471_1_M.uasset" 454
"../../../../../../Users/m012933i/Documents/Unreal Projects/Derailed/Content/Derailed/Meshes/TexturesCom_BrickSmallBrown0471_1_M_Mat.uasset" 455
"../../../../../../Users/m012933i/Documents/Unreal Projects/Derailed/Content/StarterContent/Textures/T_Ground_Gravel_D.uasset" 456
"../../../../../../Users/m012933i/Documents/Unreal Projects/Derailed/Content/StarterContent/Textures/T_Ground_Gravel_N.uasset" 457
"../../../../../../Users/m012933i/Documents/Unreal Projects/Derailed/Content/StarterContent/Textures/T_MacroVariation.uasset" 458
"../../../../../../Users/m012933i/Documents/Unreal Projects/Derailed/Content/StarterContent/Textures/T_Perlin_Noise_M.uasset" 459
"../../../../../../Users/m012933i/Documents/Unreal Projects/Derailed/Content/StarterContent/Materials/M_Ground_Gravel.uasset" 460
"../../../../../../Users/m012933i/Documents/Unreal Projects/Derailed/Content/Derailed/HUD/HUD.uasset" 461
"../../../../../../Users/m012933i/Documents/Unreal Projects/Derailed/Content/Derailed/Levels/MainMenu/T_DerailedLogo.uasset" 462
"../../../../../../Users/m012933i/Documents/Unreal Projects/Derailed/Content/Derailed/HUD/Pause.uasset" 463
"../../../../../../Users/m012933i/Documents/Unreal Projects/Derailed/Content/Derailed/Meshes/M_Cactus.uasset" 464
"../../../../../../Users/m012933i/Documents/Unreal Projects/Derailed/Content/Derailed/Meshes/SM_Cactus1.uasset" 465
"../../../../../../Users/m012933i/Documents/Unreal Projects/Derailed/Content/Derailed/Meshes/SM_Cactus2.uasset" 466
"../../../../../../Users/m012933i/Documents/Unreal Projects/Derailed/Content/Derailed/Meshes/SM_Cactus3.uasset" 467
"../../../../../../Users/m012933i/Documents/Unreal Projects/Derailed/Content/Derailed/Meshes/M_Rocks.uasset" 468
"../../../../../../Users/m012933i/Documents/Unreal Projects/Derailed/Content/Derailed/Meshes/SM_Rock1.uasset" 469
"../../../../../../Users/m012933i/Documents/Unreal Projects/Derailed/Content/Derailed/Meshes/SM_Rock2.uasset" 470
"../../../../../../Users/m012933i/Documents/Unreal Projects/Derailed/Content/Derailed/Meshes/SM_Rock3.uasset" 471
"../../../../../../Users/m012933i/Documents/Unreal Projects/Derailed/Content/Derailed/Meshes/T_Trainstation_Diff.uasset" 472
"../../../../../../Users/m012933i/Documents/Unreal Projects/Derailed/Content/Derailed/Meshes/T_Trainstation_N.uasset" 473
"../../../../../../Users/m012933i/Documents/Unreal Projects/Derailed/Content/Derailed/Meshes/T_Trainstation_OcclusionRoughnessMetallic.uasset" 474
"../../../../../../Users/m012933i/Documents/Unreal Projects/Derailed/Content/Derailed/Meshes/M_Station.uasset" 475
"../../../../../../Users/m012933i/Documents/Unreal Projects/Derailed/Content/Derailed/Meshes/SM_Trainstation.uasset" 476
"../../../../../../Users/m012933i/Documents/Unreal Projects/Derailed/Content/Derailed/Meshes/M_Tunnel1.uasset" 477
"../../../../../../Users/m012933i/Documents/Unreal Projects/Derailed/Content/Derailed/Meshes/SM_Tunnel.uasset" 478
"../../../../../../Users/m012933i/Documents/Unreal Projects/Derailed/Content/Derailed/Sound/Music/Boogie_Woogie_Bed_1.uasset" 479
"../../../../../../Users/m012933i/Documents/Unreal Projects/Derailed/Content/Derailed/Sound/Music/Jumpin_Boogie_Woogie_1.uasset" 480
"../../../Engine/Content/ArtTools/RenderToTexture/MaterialFunctions/FlipbookWind.uasset" 481
"../../../../../../Users/m012933i/Documents/Unreal Projects/Derailed/Content/Textures/Placeholder/tex_diffuse.uasset" 482
"../../../../../../Users/m012933i/Documents/Unreal Projects/Derailed/Content/Material/Master_Material/M_grass_basic.uasset" 483
"../../../../../../Users/m012933i/Documents/Unreal Projects/Derailed/Content/Textures/Grass_Flower/tex_grass_diff.uasset" 484
"../../../../../../Users/m012933i/Documents/Unreal Projects/Derailed/Content/Material/Child_Material/M_grass_basic_Inst.uasset" 485
"../../../../../../Users/m012933i/Documents/Unreal Projects/Derailed/Content/Meshes/Grass/SM_grass5.uasset" 486
"../../../../../../Users/m012933i/Documents/Unreal Projects/Derailed/Content/Derailed/Levels/main_LVL.umap" 487
"../../../../../../Users/m012933i/Documents/Unreal Projects/Derailed/Content/Derailed/Levels/MainMenu/Snakes_R_Bad.uasset" 488
"../../../../../../Users/m012933i/Documents/Unreal Projects/Derailed/Content/Derailed/Levels/MainMenu/T_Controls.uasset" 489
"../../../../../../Users/m012933i/Documents/Unreal Projects/Derailed/Content/Derailed/Levels/MainMenu/T_MainMenuBackground.uasset" 490
"../../../../../../Users/m012933i/Documents/Unreal Projects/Derailed/Content/Derailed/Levels/MainMenu/MainMenu.uasset" 491
"../../../../../../Users/m012933i/Documents/Unreal Projects/Derailed/Content/Derailed/Levels/MainMenu/LV_MainMenu.umap" 492
